execve("./hello", ["./hello"], 0x7ffdd7b44ee0 /* 21 vars */) = 0
brk(NULL)                               = 0x1f75000
mmap(NULL, 4096, PROT_READ|PROT_WRITE, MAP_PRIVATE|MAP_ANONYMOUS, -1, 0) = 0x7f848ae3c000
access("/etc/ld.so.preload", R_OK)      = -1 ENOENT (그런 파일이나 디렉터리가 없습니다)
open("/etc/ld.so.cache", O_RDONLY|O_CLOEXEC) = 3
fstat(3, {st_mode=S_IFREG|0644, st_size=19578, ...}) = 0
mmap(NULL, 19578, PROT_READ, MAP_PRIVATE, 3, 0) = 0x7f848ae37000
close(3)                                = 0
open("/lib64/libc.so.6", O_RDONLY|O_CLOEXEC) = 3
read(3, "\177ELF\2\1\1\3\0\0\0\0\0\0\0\0\3\0>\0\1\0\0\0`&\2\0\0\0\0\0"..., 832) = 832
fstat(3, {st_mode=S_IFREG|0755, st_size=2156352, ...}) = 0
mmap(NULL, 3985920, PROT_READ|PROT_EXEC, MAP_PRIVATE|MAP_DENYWRITE, 3, 0) = 0x7f848a84e000
mprotect(0x7f848aa12000, 2093056, PROT_NONE) = 0
mmap(0x7f848ac11000, 24576, PROT_READ|PROT_WRITE, MAP_PRIVATE|MAP_FIXED|MAP_DENYWRITE, 3, 0x1c3000) = 0x7f848ac11000
mmap(0x7f848ac17000, 16896, PROT_READ|PROT_WRITE, MAP_PRIVATE|MAP_FIXED|MAP_ANONYMOUS, -1, 0) = 0x7f848ac17000
close(3)                                = 0
mmap(NULL, 4096, PROT_READ|PROT_WRITE, MAP_PRIVATE|MAP_ANONYMOUS, -1, 0) = 0x7f848ae36000
mmap(NULL, 8192, PROT_READ|PROT_WRITE, MAP_PRIVATE|MAP_ANONYMOUS, -1, 0) = 0x7f848ae34000
arch_prctl(ARCH_SET_FS, 0x7f848ae34740) = 0
mprotect(0x7f848ac11000, 16384, PROT_READ) = 0
mprotect(0x600000, 4096, PROT_READ)     = 0
mprotect(0x7f848ae3d000, 4096, PROT_READ) = 0
munmap(0x7f848ae37000, 19578)           = 0
fstat(1, {st_mode=S_IFCHR|0620, st_rdev=makedev(136, 1), ...}) = 0
mmap(NULL, 4096, PROT_READ|PROT_WRITE, MAP_PRIVATE|MAP_ANONYMOUS, -1, 0) = 0x7f848ae3b000
write(1, "Hello World\n", 12)           = 12
exit_group(0)                           = ?
+++ exited with 0 +++
